<?xml version="1.0" encoding="UTF-8"?>
<!-- Generated by org.testng.reporters.JUnitXMLReporter -->
<testsuite hostname="AJAY-PC" ignored="0" name="Default test" tests="3" failures="0" timestamp="2020-09-02T11:33:41 IST" time="3.91" errors="0">
  <testcase name="Test_01_SuccessulNavigation" time="2.161" classname="Automation.APITesting.SpaceXAPI"/>
  <testcase name="Test_02_Status_Success" time="0.856" classname="Automation.APITesting.SpaceXAPI"/>
  <testcase name="Test_03_FlightDetails" time="0.858" classname="Automation.APITesting.SpaceXAPI"/>
</testsuite> <!-- Default test -->
