<?xml version="1.0" encoding="UTF-8"?>
<!-- Generated by org.testng.reporters.JUnitXMLReporter -->
<testsuite hostname="AJAY-PC" ignored="0" name="Test" tests="3" failures="0" timestamp="2020-09-02T11:10:27 IST" time="7.284" errors="0">
  <testcase name="Test_01_SuccessulNavigation" time="2.746" classname="Automation.APITesting.SpaceXAPI"/>
  <testcase name="Test_02_Status_Success" time="1.796" classname="Automation.APITesting.SpaceXAPI"/>
  <testcase name="Test_05" time="2.698" classname="Automation.APITesting.SpaceXAPI"/>
</testsuite> <!-- Test -->
